2025-09-13 12:49:32,711 - main - INFO - Starting application...
2025-09-13 12:58:35,330 - main - INFO - Shutting down application...
2025-09-13 12:58:37,959 - main - INFO - Starting application...
2025-09-13 13:01:10,968 - main - INFO - Shutting down application...
2025-09-13 13:01:12,873 - main - INFO - Starting application...
2025-09-13 13:06:11,968 - main - INFO - Shutting down application...
2025-09-13 13:06:13,098 - main - INFO - Starting application...
2025-09-13 13:09:19,711 - main - INFO - Shutting down application...
2025-09-13 13:09:20,922 - main - INFO - Starting application...
2025-09-13 13:09:29,835 - main - INFO - Starting application...
2025-09-13 13:09:32,276 - main - INFO - Shutting down application...
2025-09-13 13:09:34,092 - main - INFO - Starting application...
2025-09-13 13:09:41,517 - httpx - INFO - HTTP Request: GET https://api.hh.ru/vacancies?page=0&per_page=10&only_with_salary=false&clusters=false&describe_arguments=false&no_magic=false&premium=false&responses_count_enabled=false&accept_temporary=false&locale=RU "HTTP/1.1 200 OK"
2025-09-13 13:10:31,456 - httpx - INFO - HTTP Request: GET https://api.hh.ru/vacancies?page=0&per_page=10&text=%D1%80%D0%B0%D0%B7%D1%80%D0%B0%D0%B1%D0%BE%D1%82%D0%BA%D0%B0&only_with_salary=false&clusters=false&describe_arguments=false&no_magic=false&premium=false&responses_count_enabled=false&accept_temporary=false&locale=RU "HTTP/1.1 200 OK"
2025-09-13 13:19:32,770 - main - INFO - Shutting down application...
2025-09-13 13:19:34,009 - main - INFO - Starting application...
2025-09-13 13:20:46,044 - main - INFO - Shutting down application...
2025-09-13 13:20:47,389 - main - INFO - Starting application...
2025-09-13 13:20:51,299 - main - INFO - Starting application...
2025-09-13 14:58:25,269 - main - INFO - Shutting down application...
2025-09-13 15:06:02,058 - main - INFO - Starting application...
2025-09-13 15:10:33,605 - main - INFO - Shutting down application...
2025-09-13 15:10:35,703 - main - INFO - Starting application...
2025-09-13 18:19:32,003 - main - INFO - Shutting down application...
2025-09-13 19:50:37,432 - main - INFO - Starting application...
2025-09-13 20:04:20,366 - main - INFO - Shutting down application...
2025-09-13 20:04:22,193 - main - INFO - Starting application...
2025-09-13 20:07:19,544 - main - INFO - Shutting down application...
2025-09-13 20:07:21,660 - main - INFO - Starting application...
2025-09-13 20:13:12,289 - main - INFO - Shutting down application...
2025-09-13 20:13:14,152 - main - INFO - Starting application...
2025-09-13 20:16:34,920 - main - INFO - Shutting down application...
2025-09-13 20:16:36,779 - main - INFO - Starting application...
2025-09-13 20:22:09,234 - main - INFO - Shutting down application...
2025-09-13 20:22:11,495 - main - INFO - Starting application...
2025-09-13 20:22:30,448 - main - INFO - Shutting down application...
2025-09-13 20:22:31,923 - main - INFO - Starting application...
2025-09-13 20:22:49,569 - main - INFO - Shutting down application...
2025-09-13 20:22:50,857 - main - INFO - Starting application...
2025-09-13 20:26:05,073 - main - INFO - Shutting down application...
2025-10-04 12:15:11,024 - main - INFO - Starting application...
2025-10-04 12:16:37,348 - main - INFO - Shutting down application...
2025-10-04 12:45:26,316 - main - INFO - Starting application...
2025-10-04 12:50:20,749 - main - INFO - Shutting down application...
2025-10-04 12:50:21,599 - main - INFO - Starting application...
2025-10-04 12:50:29,047 - main - INFO - Shutting down application...
2025-10-04 12:50:30,880 - main - INFO - Starting application...
2025-10-04 12:51:04,043 - main - INFO - Shutting down application...
2025-10-04 12:51:04,776 - main - INFO - Starting application...
2025-10-04 12:51:08,339 - main - INFO - Starting application...
2025-10-04 12:53:13,870 - main - INFO - Shutting down application...
2025-10-04 12:53:14,581 - main - INFO - Starting application...
2025-10-04 12:58:20,191 - main - INFO - Starting application...
2025-10-04 12:58:22,911 - main - INFO - Shutting down application...
2025-10-04 12:58:26,444 - main - INFO - Starting application...
2025-10-04 13:02:51,448 - main - INFO - Shutting down application...
2025-10-04 13:02:52,501 - main - INFO - Starting application...
2025-10-04 13:07:22,289 - main - INFO - Shutting down application...
2025-10-04 13:10:57,432 - main - INFO - Starting application...
2025-10-04 13:11:44,688 - httpx - INFO - HTTP Request: GET https://api.hh.ru/vacancies?page=0&per_page=10&text=%D1%80%D0%B0%D0%B7%D1%80%D0%B0%D0%B1%D0%BE%D1%82%D0%BA%D0%B0&only_with_salary=false&clusters=false&describe_arguments=false&no_magic=false&premium=false&responses_count_enabled=false&accept_temporary=false&locale=RU "HTTP/1.1 200 OK"
2025-10-04 14:43:03,359 - main - INFO - Shutting down application...
2025-10-04 14:43:05,501 - main - INFO - Starting application...
2025-10-05 10:20:23,524 - main - INFO - Shutting down application...
2025-11-08 12:51:46,219 - main - INFO - Starting application...
2025-11-08 13:23:23,617 - main - INFO - Shutting down application...
2025-11-08 13:23:26,850 - main - INFO - Starting application...
2025-11-08 14:35:24,255 - main - INFO - Shutting down application...
2025-11-08 14:35:25,674 - main - INFO - Starting application...
2025-11-08 14:35:33,112 - main - INFO - Starting application...
2025-11-08 14:41:59,509 - main - INFO - Shutting down application...
2025-11-08 14:42:12,196 - main - INFO - Starting application...
2025-11-08 14:47:11,544 - main - INFO - Shutting down application...
2025-11-08 14:47:12,276 - main - INFO - Starting application...
2025-11-08 14:47:57,524 - main - INFO - Shutting down application...
2025-11-08 14:47:58,367 - main - INFO - Starting application...
2025-11-08 14:50:14,158 - main - INFO - Shutting down application...
2025-11-08 14:50:14,981 - main - INFO - Starting application...
2025-11-08 14:52:56,096 - httpx - INFO - HTTP Request: GET https://api.hh.ru/vacancies?page=0&per_page=10&text=%D0%9C%D0%B0%D1%88%D0%B8%D0%BD%D0%BD%D0%BE%D0%B5%20%D0%BE%D0%B1%D1%83%D1%87%D0%B5%D0%BD%D0%B8%D0%B5&only_with_salary=false&clusters=false&describe_arguments=false&no_magic=false&premium=false&responses_count_enabled=false&accept_temporary=false&locale=RU "HTTP/1.1 200 OK"
2025-11-08 14:53:28,095 - httpx - INFO - HTTP Request: GET https://api.hh.ru/vacancies?page=0&per_page=10&text=ML&only_with_salary=false&clusters=false&describe_arguments=false&no_magic=false&premium=false&responses_count_enabled=false&accept_temporary=false&locale=RU "HTTP/1.1 200 OK"
2025-11-08 14:54:25,737 - httpx - INFO - HTTP Request: GET https://api.hh.ru/vacancies?page=0&per_page=10&text=ML&only_with_salary=false&clusters=false&describe_arguments=false&no_magic=false&premium=false&responses_count_enabled=false&accept_temporary=false&locale=RU "HTTP/1.1 200 OK"
2025-11-08 14:55:14,514 - main - INFO - Shutting down application...
2025-11-08 14:55:15,291 - main - INFO - Starting application...
2025-11-08 14:55:39,544 - httpx - INFO - HTTP Request: GET https://api.hh.ru/vacancies?page=0&per_page=10&only_with_salary=false&clusters=false&describe_arguments=false&no_magic=false&premium=false&responses_count_enabled=false&accept_temporary=false&locale=RU "HTTP/1.1 200 OK"
2025-11-08 14:55:39,592 - main - INFO - Shutting down application...
2025-11-08 14:55:40,350 - main - INFO - Starting application...
2025-11-08 14:55:55,377 - httpx - INFO - HTTP Request: GET https://api.hh.ru/vacancies?page=0&per_page=10&text=%D0%9C%D0%B0%D1%88%D0%B8%D0%BD%D0%BD%D0%BE%D0%B5%20%D0%BE%D0%B1%D1%83%D1%87%D0%B5%D0%BD%D0%B8%D0%B5&only_with_salary=false&clusters=false&describe_arguments=false&no_magic=false&premium=false&responses_count_enabled=false&accept_temporary=false&locale=RU "HTTP/1.1 200 OK"
2025-11-08 14:56:11,617 - httpx - INFO - HTTP Request: GET https://api.hh.ru/vacancies?page=0&per_page=10&text=ML&only_with_salary=false&clusters=false&describe_arguments=false&no_magic=false&premium=false&responses_count_enabled=false&accept_temporary=false&locale=RU "HTTP/1.1 200 OK"
2025-11-08 15:35:17,130 - main - INFO - Shutting down application...
2025-11-22 14:31:43,551 - main - INFO - Starting application...
2025-11-22 15:17:15,545 - main - INFO - Shutting down application...
2025-11-22 15:17:18,776 - main - INFO - Starting application...
